0 info it worked if it ends with ok
1 verbose cli [ '/usr/local/Cellar/node/6.4.0/bin/node',
1 verbose cli   '/usr/local/bin/npm',
1 verbose cli   'publish' ]
2 info using npm@3.10.3
3 info using node@v6.4.0
4 verbose publish [ '.' ]
5 silly cache add args [ '.', null ]
6 verbose cache add spec .
7 silly cache add parsed spec Result {
7 silly cache add   raw: '.',
7 silly cache add   scope: null,
7 silly cache add   escapedName: null,
7 silly cache add   name: null,
7 silly cache add   rawSpec: '.',
7 silly cache add   spec: '/Users/ddiefenderfer/projects/slim-bot/demo',
7 silly cache add   type: 'directory' }
8 verbose addLocalDirectory /Users/ddiefenderfer/.npm/playground/1.0.0/package.tgz not in flight; packing
9 verbose correctMkdir /Users/ddiefenderfer/.npm correctMkdir not in flight; initializing
10 info lifecycle playground@1.0.0~prepublish: playground@1.0.0
11 silly lifecycle playground@1.0.0~prepublish: no script for prepublish, continuing
12 verbose tar pack [ '/Users/ddiefenderfer/.npm/playground/1.0.0/package.tgz',
12 verbose tar pack   '/Users/ddiefenderfer/projects/slim-bot/demo' ]
13 verbose tarball /Users/ddiefenderfer/.npm/playground/1.0.0/package.tgz
14 verbose folder /Users/ddiefenderfer/projects/slim-bot/demo
15 verbose addLocalTarball adding from inside cache /Users/ddiefenderfer/.npm/playground/1.0.0/package.tgz
16 verbose correctMkdir /Users/ddiefenderfer/.npm correctMkdir not in flight; initializing
17 silly cache afterAdd playground@1.0.0
18 verbose afterAdd /Users/ddiefenderfer/.npm/playground/1.0.0/package/package.json not in flight; writing
19 verbose correctMkdir /Users/ddiefenderfer/.npm correctMkdir not in flight; initializing
20 verbose afterAdd /Users/ddiefenderfer/.npm/playground/1.0.0/package/package.json written
21 silly publish { name: 'playground',
21 silly publish   version: '1.0.0',
21 silly publish   description: '',
21 silly publish   main: 'index.js',
21 silly publish   scripts:
21 silly publish    { start: 'npm install && webpack-dev-server --watch --inline',
21 silly publish      postinstall: 'typings install' },
21 silly publish   author: '',
21 silly publish   license: 'ISC',
21 silly publish   dependencies: { rxjs: '^5.0.0-rc.4', 'slim-bot': 'latest' },
21 silly publish   devDependencies:
21 silly publish    { '@types/node': '0.0.2',
21 silly publish      'ts-loader': '^1.2.2',
21 silly publish      typescript: '^2.0.10',
21 silly publish      typings: '^2.0.0',
21 silly publish      webpack: '^1.13.3',
21 silly publish      'webpack-dev-server': '^1.16.2' },
21 silly publish   readme: 'ERROR: No README data found!',
21 silly publish   _id: 'playground@1.0.0',
21 silly publish   _shasum: 'b3e92a946564a004290c5519cc4f9aff75b26bd5',
21 silly publish   _from: '.' }
22 verbose getPublishConfig undefined
23 silly mapToRegistry name playground
24 silly mapToRegistry using default registry
25 silly mapToRegistry registry https://registry.npmjs.org/
26 silly mapToRegistry data Result {
26 silly mapToRegistry   raw: 'playground',
26 silly mapToRegistry   scope: null,
26 silly mapToRegistry   escapedName: 'playground',
26 silly mapToRegistry   name: 'playground',
26 silly mapToRegistry   rawSpec: '',
26 silly mapToRegistry   spec: 'latest',
26 silly mapToRegistry   type: 'tag' }
27 silly mapToRegistry uri https://registry.npmjs.org/playground
28 verbose publish registryBase https://registry.npmjs.org/
29 silly publish uploading /Users/ddiefenderfer/.npm/playground/1.0.0/package.tgz
30 verbose request uri https://registry.npmjs.org/playground
31 verbose request sending authorization for write operation
32 info attempt registry request try #1 at 7:05:12 PM
33 verbose request using bearer token for auth
34 verbose request id 2190925e6dc81479
35 http request PUT https://registry.npmjs.org/playground
36 http 403 https://registry.npmjs.org/playground
37 verbose headers { 'content-type': 'application/json',
37 verbose headers   'cache-control': 'max-age=300',
37 verbose headers   'content-length': '104',
37 verbose headers   'accept-ranges': 'bytes',
37 verbose headers   date: 'Mon, 05 Dec 2016 00:05:14 GMT',
37 verbose headers   via: '1.1 varnish',
37 verbose headers   connection: 'keep-alive',
37 verbose headers   'x-served-by': 'cache-iad2148-IAD',
37 verbose headers   'x-cache': 'MISS',
37 verbose headers   'x-cache-hits': '0',
37 verbose headers   'x-timer': 'S1480896313.807237,VS0,VE269',
37 verbose headers   vary: 'Accept-Encoding' }
38 verbose request invalidating /Users/ddiefenderfer/.npm/registry.npmjs.org/playground on PUT
39 error publish Failed PUT 403
40 verbose stack Error: you do not have permission to publish "playground". Are you logged in as the correct user? : playground
40 verbose stack     at makeError (/usr/local/lib/node_modules/npm/node_modules/npm-registry-client/lib/request.js:264:12)
40 verbose stack     at CachingRegistryClient.<anonymous> (/usr/local/lib/node_modules/npm/node_modules/npm-registry-client/lib/request.js:252:14)
40 verbose stack     at Request._callback (/usr/local/lib/node_modules/npm/node_modules/npm-registry-client/lib/request.js:172:14)
40 verbose stack     at Request.self.callback (/usr/local/lib/node_modules/npm/node_modules/request/request.js:200:22)
40 verbose stack     at emitTwo (events.js:106:13)
40 verbose stack     at Request.emit (events.js:191:7)
40 verbose stack     at Request.<anonymous> (/usr/local/lib/node_modules/npm/node_modules/request/request.js:1067:10)
40 verbose stack     at emitOne (events.js:101:20)
40 verbose stack     at Request.emit (events.js:188:7)
40 verbose stack     at IncomingMessage.<anonymous> (/usr/local/lib/node_modules/npm/node_modules/request/request.js:988:12)
41 verbose statusCode 403
42 verbose pkgid playground
43 verbose cwd /Users/ddiefenderfer/projects/slim-bot/demo
44 error Darwin 15.6.0
45 error argv "/usr/local/Cellar/node/6.4.0/bin/node" "/usr/local/bin/npm" "publish"
46 error node v6.4.0
47 error npm  v3.10.3
48 error code E403
49 error you do not have permission to publish "playground". Are you logged in as the correct user? : playground
50 error If you need help, you may report this error at:
50 error     <https://github.com/npm/npm/issues>
51 verbose exit [ 1, true ]
